Total refs: 748
Already have covers: 517
In cache: 495
  ✓ 27s_first_pipe_in_England.jpeg [571/748] 📚 Walter Raleigh
  ✓ eraerts_Francis_Drake_1591.jpg [572/748] 📚 Francis Drake
  ✓ 1.jpg/440px-HoratioNelson1.jpg [573/748] 📚 Horatio Nelson
  ✓ juego.jpg/440px-Cantajuego.jpg [574/748] 🎵 Cantajuego
  ✓ -Antonio_Flores_Jij%C3%B3n.jpg [575/748] 🎵 Antonio Flores
  ✓ _la_Belle_Ferronni%C3%A8re.jpg [576/748] 📚 Leonardo da Vinci
  ✗ [577/748] 🎵 La tuna renacentista
  ✓ r%C3%B3n_%28film%29_poster.jpg [578/748] 🎬 Tiburón
  ✓ pg/440px-Jaws_movie_poster.jpg [579/748] 🎬 Los Tiburones
  ✓ io_Tijeras_season_3_poster.jpg [580/748] 📺 Venga, adiós
  ✓ pedia/en/f/fd/Elalmaalaire.jpg [581/748] 📺 Castillos en el aire
  ✓ /NobelP2.png/440px-NobelP2.png [582/748] 📚 Premio Nobel de Física
  ✓ rica_de_sue%C3%B1os_poster.jpg [584/748] 📺 La Casa del Dragón
  ✗ [586/748] 🎵 Aquemarabilla
  ✓ 4/La_Jefa_tv_series_poster.jpg [590/748] 📚 Mortal y Fin
  ✓ rica_de_sue%C3%B1os_poster.jpg [591/748] 📺 La casa del dragón
  ✓ ia/en/9/9f/Vforvendettamov.jpg [594/748] 📚 Carlos V
  ✓ rica_de_sue%C3%B1os_poster.jpg [597/748] 📺 La casa del dragón
  ✓ 40px-Logotipo_de_TV_Azteca.png [598/748] 📚 Hija del cielo
  ✓ wilight.png/440px-Twilight.png [599/748] 📖 La escuela indecente
    --- Saved: 18 found, 83 not found ---
  ✓ /6/67/Devilman_Film_Poster.jpg [600/748] 📖 Devilman
  ✓ /06/Mazinger_Z_manga_vol_1.png [601/748] 📖 Mazinger Z
  ✓ rica_de_sue%C3%B1os_poster.jpg [602/748] 📺 La Casa del Dragón
  ✓ Supermaniiricharddonnercut.jpg [604/748] 🎬 Superman
  ✓ /1/1a/Glitter_2022_Netflix.jpg [605/748] 📖 Fábulas
  ✓ ogo_Los_Pitufos_%282019%29.png [606/748] 📖 Los Pitufos
  ✗ [607/748] 📖 Snupi
  ✓ kipedia/en/5/5d/MC14poster.jpg [608/748] 📖 Gel-Braiser
  ✓ and_Dragons_DVD_boxset_art.jpg [609/748] 🎮 Dragones y Mazmorras
  ✓ NG_Oxford_Broad_Street_040.jpg [611/748] 🎬 Sauron
  ✓ ttle_pigs_1904_straw_house.jpg [612/748] 📖 Los Tres Cerditos
  ✓ inger_Aschenbrodel_%281%29.jpg [613/748] 📖 Cenicienta
  ✓ 58/Brittany_Howard_-_Jaime.jpg [614/748] 📖 Jaime
  ✓ /Sughrat.jpg/440px-Sughrat.jpg [615/748] 📚 Las mil y una noches
  ✓ 440px-Tom_Waits_Praha_2008.jpg [616/748] 🎵 Tom Waits
  ✓ /b2/My_Way_-_Frank_Sinatra.jpg [618/748] 🎵 My Way
  ✓ px-Logo_oficial_de_OT_2025.png [619/748] 📺 Operación Triunfo
  ✗ [620/748] 🎵 Con tu pueblo y mi quiero
  ✗ [621/748] 🎵 Pano Guerrero
  ✗ [622/748] 🎬 El día que el payaso lloró
    --- Saved: 34 found, 87 not found ---
  ✓ unt_photo_by_Bud_Fraker%29.jpg [623/748] 🎵 Jerry Lewis
  ✓ edia/en/1/10/Frank_Tashlin.jpg [624/748] 🎬 Frank Tashlin
  ✓ jpg/440px-Dean_Paul_Martin.jpg [625/748] 🎵 Dean Martin
  ✓ n/b/b1/Junior_H_-_El_Azul.jpeg [626/748] 🎬 El botones
  ✓ ures_Into_the_Unknown_No_1.jpg [627/748] 🎬 El terror de las chicas
  ✓ BCckte_Professor_1963_Logo.png [628/748] 🎬 El profesor chiflado
  ✓ _Murphy_by_David_Shankbone.jpg [629/748] 🎬 Eddie Murphy
  ✓ eve_%28TV_series%29_poster.jpg [630/748] 🎬 El rey de la comedia
  ✓ n/2/25/Hamlet_2025_poster.jpeg [631/748] 📚 Hamlet
  ✓ TV_series%29%2C_title_card.png [634/748] 🎬 Tarzán
  ✓ s_of_Monkey_Island_artwork.jpg [635/748] 🎮 Secret of Monkey Island
  ✓ Jones_and_the_Last_Crusade.png [636/748] 🎮 Indiana Jones and the Last Crusade
  ✓ eChuck%27s_Revenge_artwork.jpg [637/748] 🎮 Monkey Island
  ✓ 30px-Star_wars_1977_us.svg.png [638/748] 🎬 Star Wars: Episodio IV - Una nueva esper
  ✓ a/en/b/b9/Brave_video_game.jpg [639/748] 🎬 Pixar
  ✗ [640/748] 🎮 La Briez
  ✓ dio_Center%2C_Soundstage_2.JPG [641/748] 🎬 Labyrinth
  ✓ ia/en/b/b1/The_Dig_artwork.jpg [642/748] 🎮 SCUMM
  ✓ rrat_-_Gira_100x100_Serrat.jpg [645/748] 🎵 Manuel Serrat
  ✓ isol_Mexican_series_poster.jpg [646/748] 🎵 Marisol
    --- Saved: 53 found, 88 not found ---
  ✓ 284_of_17%29_%28cropped%29.jpg [647/748] 🎵 Elton John
  ✓ 321SM1181%29_%28cropped%29.jpg [648/748] 🎵 Bernie Taupin
  ✓ ong_John_Baldry_photo_1972.jpg [649/748] 🎵 John Baldry
  ✓ /0/0f/Rocketman_%28film%29.png [650/748] 🎬 Rocketman
  ✓ _Page_of_August_6%2C_1962.jpeg [651/748] 🎬 Marilyn Monroe
  ✓ 973_UK_single_solid_centre.png [652/748] 🎵 Candle in the Wind
  ✗ [653/748] 🎵 Juan Luis Londoño Arias
  ✗ [657/748] 📺 iVoox
  ✓ g_Tom_%26_Friends_logo.svg.png [658/748] 🎮 TomTom
  ✓ e_Maps_icon_%282026%29.svg.png [659/748] 🎮 Google Maps
  ✓ Jones_and_the_Last_Crusade.png [660/748] 🎬 Indiana Jones
  ✓ ia/en/0/0f/Pasi%C3%B3n_DVD.jpg [661/748] 📚 Gloria Fuertes
  ✓ _the_World_in_80_Days_1956.JPG [662/748] 🎵 La tierra es un globo
  ✗ [663/748] 📖 Flechas y Pelayos
  ✓ ng/440px-Thegame-titlecard.png [664/748] 📖 Chicos
  ✗ [665/748] 📖 Jesús Blasco
  ✗ [666/748] 📖 Bellino de Arote
  ✗ [667/748] 📺 Los Chieri Piti Flauticos
  ✓ and_Dragons_DVD_boxset_art.jpg [668/748] 📺 Dragones
  ✓ e6/Hotel_Savoy_%28novel%29.jpg [669/748] 🎵 Savoy
    --- Saved: 67 found, 94 not found ---
  ✓ DSC_0456_%2814905955393%29.jpg [670/748] 🎵 Rod Stewart
  ✓ en/7/70/Atlantis1913poster.jpg [671/748] 🎵 Atlantis Krause
  ✓ e_Buenos_Aires_%28album%29.jpg [672/748] 📺 Julio Otero
  ✓ ent_%28TV_series%29_poster.jpg [673/748] 📺 Tres por cuatro
  ✓ tto_Preminger_Allan_Warren.jpg [674/748] 🎬 Laura
  ✓ 2.jpg/440px-AnatomyMurder2.jpg [675/748] 🎬 Anatomy of a Murder
  ✓ tto_Preminger_Allan_Warren.jpg [676/748] 🎬 Exodus
  ✓ with_the_Golden_Arm_poster.jpg [677/748] 🎬 The Man with the Golden Arm
  ✓ Eternity_%281953_poster%29.jpg [678/748] 🎬 From Here to Eternity
  ✓ ura_%281944_film_poster%29.jpg [679/748] 📚 Ring Twice for Laura
  ✓ m_Westen_nichts_Neues_1929.jpg [680/748] 🎬 All Quiet on the Western Front
  ✓ r_for_Mutiny_on_the_Bounty.jpg [681/748] 🎬 Mutiny on the Bounty
  ✓ ipedia/en/2/2f/Los_Pajaros.jpg [682/748] 🎬 Los pájaros
  ✗ [684/748] 🎬 El diablo sobre ruedas
  ✓ _her_husband_Noel_Marshall.jpg [685/748] 🎬 Roar
  ✓ of_Young_Daphne_Du_Maurier.jpg [686/748] 📚 Rebecca
  ✓ 40px-Mi_prima_Ciela_poster.jpg [687/748] 📚 Mi prima Raquel
  ✓ 40px-Alfred_Hitchcock_1955.jpg [688/748] 📺 Alfred Hitchcock presenta
  ✓ 80%93_Jurassic_Park_poster.jpg [689/748] 🎬 Jurassic Park
  ✓ 19.jpg/440px-Psicosis_2019.jpg [690/748] 🎬 Psicosis
    --- Saved: 86 found, 95 not found ---
  ✗ [691/748] 🎬 El infierno del odio
  ✓ /f4/Frenesi_Linda_Ronstadt.jpg [692/748] 🎬 Frenesí
  ✗ [693/748] 🎬 Marnie la ladrona
  ✓ ous_%281946_film_poster%29.jpg [694/748] 🎬 Encadenados
  ✗ [695/748] 🎬 Atrapa a un ladrón
  ✓ /15/Akira_Toriyama_in_1982.jpg [696/748] 📺 Dragon Ball
  ✓ /15/Akira_Toriyama_in_1982.jpg [697/748] 📺 Muten Roshi
  ✓ Los_Angeles_Comic_Con_2024.jpg [699/748] 🎬 Ewan McGregor
  ✓ n/b/bb/Wrecking_Crew_cover.jpg [700/748] 📚 Mario Conde
  ✓ i_filippo_brunelleschi-184.jpg [701/748] 🎬 Brunelleschi
  ✓ dia/en/a/af/Matahariposter.jpg [703/748] 🎬 Mata Hari
  ✗ [704/748] 🎵 JPEC
  ✓ 440px-Topo_Gigio_2020_logo.jpg [706/748] 🎬 Mago Pop
  ✓ 7/Gunmetal_Front_Cover_Art.jpg [707/748] 🎬 Siemens
  ✓ g/440px-Enigma_FilmPoster.jpeg [708/748] 🎬 Enigma
  ✓ raton.jpg/440px-Ca_maraton.jpg [709/748] 🎬 Maratón
  ✓ ons_League_Final_programme.jpg [710/748] 🎵 Champions League 2012
  ✓ x-1904summerolympicsposter.jpg [711/748] 🎬 Juegos Olímpicos de San Luis 1904
  ✓ /6/67/Labibliaenpastafilm.jpeg [712/748] 📚 La Biblia
  ✓ rgello_-_Kapelle_Fresko_2a.jpg [713/748] 📚 La Divina Comedia
    --- Saved: 102 found, 99 not found ---
  ✓ /440px-Lazarillo_de_Tormes.png [715/748] 📚 El Lazarillo de Tormes
  ✓ /440px-Expedition_Robinson.png [716/748] 📺 Michael Robinson
  ✓ ven%2C_CT%2C_November_1977.jpg [717/748] 🎵 Queen
  ✓ -dont-stop-me-now-1979-6-s.jpg [718/748] 🎵 Don't Stop Me Now
  ✓ id_Bowie_-_Under_Pressure.jpeg [719/748] 🎵 Under Pressure
  ✗ [720/748] 🎵 Shantan con el sol
  ✗ [721/748] 🎬 Mi vecino Totoro
  ✓ /en/9/93/StarCraft_box_art.jpg [722/748] 🎮 StarCraft
  ✗ [723/748] 📚 Taxa Camara
  ✓ 440px-Dartagnan-musketeers.jpg [725/748] 📚 Los tres mosqueteros
  ✓ /en/b/b5/LaBambaposter1987.jpg [726/748] 🎵 La bamba
  ✓ -of-jack-kirby_wyman-skaar.jpg [727/748] 📖 Jack Kirby
  ✓ ermano_2024_Argentina_logo.jpg [729/748] 🎬 Teléfono rojo
  ✓ dow%22_slave_macedon-greek.jpg [730/748] 🎬 Espartaco
  ✓ ar_Named_Desire_%281951%29.jpg [731/748] 🎬 Un tranvía llamado Deseo
  ✓ -_MP886_Detroit_Riots.webm.jpg [732/748] 🎬 El largo y cálido verano
  ✓ /en/0/03/Furia_%28novel%29.jpg [733/748] 🎬 La furia
  ✗ [734/748] 🎬 ¿Quién teme a Virginia Woolf?
  ✓ lzer.jpg/440px-Donauwalzer.jpg [735/748] 🎵 El Danubio azul
  ✓ ach_Zarathustra_%281883%29.gif [736/748] 🎵 Así habló Zaratustra
    --- Saved: 119 found, 103 not found ---
  ✓ 3/36/Blackbird_sheet_music.jpg [738/748] 🎵 Blackbird
  ✓ dia/en/c/c1/RaCharles_HTRJ.png [739/748] 🎵 Hit the Road Jack
  ✓ sibles_San_Jose_Costa_Rica.jpg [741/748] 🎵 Pesadilla
  ✓ sibles_San_Jose_Costa_Rica.jpg [742/748] 🎵 El 28
  ✓ en/2/2e/U2_War_album_cover.jpg [743/748] 🎵 U2
  ✓ es.jpg/440px-Fito_cabrales.jpg [744/748] 🎵 Platero y Tú
  ✓ _of_Charlie_Parker_in_1947.jpg [745/748] 🎵 Charlie Parker
  ✓ _Coltrane_-_A_Love_Supreme.jpg [746/748] 🎵 A Love Supreme

=== DONE === Found: 128 / Not found: 103
