Total refs: 569
Already have covers: 255
In cache: 217
  ✓ 44/Supertramp_-_Supertramp.jpg [243/569] 🎵 Supertramp
  ✓ _del_Dos_de_Mayo%2C_Madrid.JPG [244/569] 🎵 Los Héroes del Dos de Mayo
  ✓ e/Bluesbrothersmovieposter.jpg [245/569] 🎵 Los Blues Brothers
  ✓ g/440px-Yngwie_Malmsteen_1.jpg [247/569] 🎵 Yngwie Malmsteen
  ✓ a/en/2/2d/Guitarhero-cover.jpg [248/569] 🎮 Guitar Hero
  ✓ pg/440px-Jan_Akkerman_2005.jpg [249/569] 🎵 Jan Akkerman
  ✓ %2C_3-Maj%C3%B3wka_2023_08.jpg [250/569] 🎵 Steve Vai
  ✓ er_Hill_1137_%28cropped%29.jpg [251/569] 🎬 Crossroads
  ✓ ond_2019_%283x4_cropped%29.jpg [252/569] 🎬 Ralph Macchio
  ✓ amburg_Harley_Days_2015_03.jpg [253/569] 🎵 Vinnie Moore
  ✓ x-Satriani_2010_13_12_1112.jpg [254/569] 🎵 Joe Satriani
  ✓ e_Room_1948_%28Gottlieb%29.jpg [255/569] 🎵 Art Tatum
  ✗ [256/569] 🎵 Estudios de Hanon
  ✓ 610423656%29_%28cropped%29.jpg [257/569] 🎵 Estudios de Czerny
  ✓ g/440px-Maurice_Ravel_1925.jpg [258/569] 🎵 Bolero de Ravel
  ✓ .png/440px-Rosario_Tijeras.png [260/569] 📺 La Tijera
  ✗ [261/569] 📺 Generation C48
  ✗ [262/569] 🎵 Dodd Fos distracted
  ✓ mons/7/73/IslandOfDrMoreau.JPG [263/569] 📚 La isla del doctor Moreau
  ✓ mons/7/73/IslandOfDrMoreau.JPG [264/569] 🎬 La isla del doctor Moreau
    --- Saved: 17 found, 28 not found ---
  ✓ enheimer_-_Life_-_portrait.jpg [265/569] 🎬 Ronin
  ✓ pg/440px-Mutiny_HMS_Bounty.jpg [266/569] 🎬 El motín de la Bounty
  ✓ jpg/440px-Vintage_Potemkin.jpg [267/569] 🎬 El acorazado Potemkin
  ✓ ikipedia/en/1/16/Pac_flyer.png [269/569] 🎮 Pac-Man
  ✓ io_Tijeras_season_3_poster.jpg [270/569] 🎵 La felicidad
  ✗ [271/569] 🎵 Cuando llegues a tiembre
  ✓ ringsteen_%287479362656%29.jpg [272/569] 🎵 Bruce Springsteen
  ✓ ikipedia/commons/4/46/Atli.jpg [273/569] 📚 Atila el Huno
  ✓ /a/ac/BorgiaFrenchTVPoster.jpg [274/569] 📚 Rodrigo Borgia
  ✓ f/fc/Juan_Ponce_de_Leon_II.JPG [275/569] 📚 Juan II (papa)
  ✓ Man_%282008_film%29_poster.jpg [278/569] 🎬 Iron Man
  ✓ jpg/440px-Grilled_sausages.jpg [279/569] 📚 Reacción de Maillard
  ✓ nGBA.jpg/440px-NapoleonGBA.jpg [280/569] 🎬 Napoleón
  ✓ 383681926%29_%28cropped%29.jpg [282/569] 🎵 Hamilton
  ✓ ck_in_Rio_Madrid_2012_-_41.jpg [283/569] 🎵 La Oreja de Van Gogh
  ✗ [284/569] 📚 Los años extraordinarios
  ✓ 40px-Kerchief_MET_25.132.8.jpg [286/569] 🎵 El baile del pañuelo
  ✓ n/a/a1/Tequila-sunrise1988.jpg [287/569] 🎵 Tequila
  ✓ 1000th_Issue_May_June_2006.png [288/569] 📚 Rolling Stone
  ✗ [289/569] 🎵 Chapberry
    --- Saved: 35 found, 31 not found ---
  ✓ 0px-Lair_of_the_white_worm.jpg [290/569] 🎵 White D6
  ✓ /6/69/White_Lightning_1973.jpg [291/569] 🎵 White Champs
  ✗ [292/569] 🎵 Bittercadas
  ✓ en/0/0b/BWLongPromisedRoad.jpg [293/569] 🎵 Brian Wilson
  ✓ en/a/a1/JuJu-Wayne_Shorter.jpg [294/569] 🎵 Juju
  ✓ 440px-Aretha_Franklin_1968.jpg [295/569] 🎵 Aretha Franklin
  ✓ a/en/9/9c/Princepurplerain.jpg [296/569] 🎵 Purple Rain
  ✓ ADos%2C_2014_%28cropped%29.jpg [298/569] 🎵 El río
  ✓ /d/db/Amazonas_%28album%29.jpg [299/569] 🎵 Amazonas
  ✓ %2C_first_edition_cover%29.jpg [300/569] 🎬 Lo que el viento se llevó
  ✗ [301/569] 📺 La escóbula de la brojola
  ✓ Tell_in_the_Dark_film_logo.jpg [303/569] 🎵 Guillermo Tell
  ✓ _Hall%2C_London_-_Nov_2012.jpg [304/569] 🎵 Portsmouth Sinfonia
  ✓ /440px-Dickens_Gurney_head.jpg [305/569] 📚 Charles Dickens
  ✓ .jpg/440px-Charlie_Chaplin.jpg [306/569] 🎬 Charlie Chaplin
  ✓ sOST.jpg/440px-StarWarsOST.jpg [307/569] 🎬 Star Wars
  ✓ /440px-Logo_La_Resistencia.png [308/569] 📺 La Resistencia
  ✓ /b/be/La_Flaca_Album_Cover.JPG [311/569] 🎵 La flaca
  ✓ n/a/a1/Tequila-sunrise1988.jpg [312/569] 🎵 Tequila
  ✓ am_abd_al_rahman_iii_17494.jpg [313/569] 📚 Abderramán III
    --- Saved: 53 found, 33 not found ---
  ✓ mons/f/fd/Ellegadoandalusi.jpg [314/569] 📚 El legado andalusí
  ✓ _David_Attenborough_poster.jpg [316/569] 🎬 David Attenborough
  ✓ /9/9f/Pinguinos_En_La_cama.jpg [317/569] 🎬 Pingüinos
  ✓ pg/440px-SimonandGarfunkel.jpg [319/569] 🎵 Simon & Garfunkel
  ✓ n_at_the_9-30_Club_%28b%29.jpg [320/569] 🎵 Paul Simon
  ✓ all230717-17_%28cropped%29.jpg [321/569] 🎵 Art Garfunkel
  ✓ mon_and_Garfunkel_US_vinyl.png [322/569] 🎵 The Sound of Silence
  ✓ 26Garfunkel_America_single.jpg [323/569] 🎵 America
  ✓ _Troubled_Water_%281970%29.png [324/569] 🎵 Bridge Over Troubled Water
  ✓ _%28The_Graduate_credit%29.png [325/569] 🎵 Mrs. Robinson
  ✓ afunkel_single%29_coverart.jpg [326/569] 🎵 The Boxer
  ✓ /Art_Garfunkel_Bright_Eyes.png [327/569] 🎵 Bright Eyes
  ✓ 1000th_Issue_May_June_2006.png [328/569] 📚 Rolling Stone
  ✓ g/440px-RS_500_Front_Cover.jpg [329/569] 📚 500 Greatest Songs of All Time
  ✗ [330/569] 🎵 Miliki
  ✓ -Lee-as-Kato-1967-restored.jpg [332/569] 🎬 Bruce Lee
  ✗ [333/569] 🎮 Piedra, papel, tijera
  ✓ tfall.png/440px-Knightfall.png [334/569] 📚 Enrique VIII
  ✓ edia/en/f/f0/El_Encantador.jpg [335/569] 📚 Ana Bolena
  ✓ suegras_de_Barba_Azul_1945.jpg [336/569] 📚 Barba Azul
    --- Saved: 72 found, 35 not found ---
  ✓ leming%27s_paperback_Bonds.jpg [338/569] 🎬 Al servicio secreto de Su Majestad
  ✓ .jpg/440px-James_Bond_1974.jpg [339/569] 🎬 James Bond
  ✓ Chittychittybangbangposter.jpg [340/569] 🎬 Chitty Chitty Bang Bang
  ✓ Chittychittybangbangposter.jpg [341/569] 📚 Chitty Chitty Bang Bang
  ✓ leming%27s_paperback_Bonds.jpg [342/569] 🎬 James Bond
  ✓ zenby11.14.08ByLuigiNovi_b.jpg [343/569] 🎬 George Lazenby
  ✓ dia/en/b/b9/Harry_Saltzman.jpg [344/569] 🎬 Harry Saltzman
  ✓ nd_cleopatra_french_poster.JPG [345/569] 📖 Astérix y Cleopatra
  ✓ ikipedia/en/6/61/Ana_-_Ana.jpg [346/569] 📚 Ana Frank
  ✓ pg/440px-KennyGHWOFMay2013.jpg [347/569] 🎵 Kenny G
  ✓ -YellowSubmarinealbumcover.jpg [352/569] 🎵 Yellow Submarine
  ✓ 440px-Spotify_HK_Stockholm.jpg [354/569] 🎵 Spotify
  ✓ c3/Andreya_Triana_-_Giants.png [355/569] 🎵 Triana
  ✓ mia_logo_in_Japan_20150106.png [356/569] 🎵 Los Paños
  ✓ 3%B3n_de_Guevara%2C_Walken.jpg [357/569] 🎵 María y Sabel
  ✓ /60/Santa_Lucia_%28film%29.jpg [358/569] 🎵 Santa Lucía
  ✗ [359/569] 🎵 Tabaca
  ✓ c/Hollywood_Monsters_Cover.jpg [360/569] 🎮 Los Marcianitos
  ✓ px-La_regenta_-_title_card.jpg [362/569] 📚 La Regenta
  ✓ or_Juana_by_Miguel_Cabrera.png [363/569] 📚 Garcilaso de la Vega
    --- Saved: 92 found, 36 not found ---
  ✗ [364/569] 🎬 Bailando con lobos
  ✓ 440px-Sycamore_Gap%2C_2005.jpg [365/569] 🎬 Robin Hood: príncipe de los ladrones
  ✓ lex-de-la-iglesias-portada.jpg [366/569] 🎬 La bestia de la guerra
  ✓ ver_Stone_by_Gage_Skidmore.jpg [367/569] 🎬 JFK
  ✗ [368/569] 🎬 El guardaespaldas
  ✓ berto_pettinato_22_12_2005.jpg [369/569] 🎬 Un mundo perfecto
  ✓ mmons/f/f8/John-barry-2006.jpg [370/569] 🎵 John Barry
  ✓ ns/a/a4/John_Williams_2024.jpg [371/569] 🎵 John Williams
  ✓ ry_Star_-_Waterworld_Cover.jpg [372/569] 🎬 Waterworld
  ✓ gle_Dunhill-only_variant_A.png [373/569] 🎵 Born to Be Wild
  ✓ 2c/Hern%C3%A1n_p%C3%B3ster.jpg [374/569] 🎬 Dolor y gloria
  ✓ _%28first_edition_cover%29.jpg [375/569] 🎬 Matar a un ruiseñor
  ✓ n/5/51/Tapper_Arcade_Flyer.jpg [376/569] 🎵 Budweiser
  ✓ nald%27s_Golden_Arches.svg.png [377/569] 🎬 McDonald's
  ✓ edia/en/0/03/40y20showlogo.png [378/569] 🎵 A mi burro
  ✓ 025_-_Rigoberta_Bandini_02.jpg [379/569] 🎵 Rigoberta Bandini
  ✓ r%C3%A8s_restauration_2024.jpg [380/569] 🎬 La libertad guiando al pueblo
  ✓ 1.jpg/440px-Marceillaise_1.jpg [381/569] 🎵 La Marsellesa
  ✓ o_del_Louvre%2C_1818-19%29.jpg [382/569] 🎬 La balsa de la Medusa
  ✓ x-Bob_esponja_logotipo.svg.png [383/569] 📺 Bob Esponja
    --- Saved: 110 found, 38 not found ---
  ✓ etallica_-_Metallica_cover.jpg [384/569] 🎵 Metallica
  ✓ f_Courage_%281895%29_cover.jpg [386/569] 📚 El rojo emblema del valor
  ✓ 6_Live_2014_%28cropped1%29.JPG [387/569] 🎵 Julio Iglesias
  ✓ acasadelasflores_stacked_2.png [388/569] 📺 Cruz y Raya
  ✓ 3%A9n_es_la_mascara_poster.jpg [389/569] 🎬 Gran Marciano
  ✓ l_television_series_poster.jpg [390/569] 🎬 Lisboa
  ✓ City_Without_Limits_poster.jpg [391/569] 🎬 En la ciudad sin límites
  ✓ 440px-Sam_Mendes_in_2022-2.jpg [392/569] 🎬 American Beauty
  ✓ 30px-Road_to_perdition.svg.png [393/569] 🎬 Camino a la perdición
  ✗ [394/569] 🎬 Las afatas van al cielo
  ✓ _Cort%C3%A9s_%28cropped%29.jpg [395/569] 🎬 Concursante
  ✓ e%2C_Death_%26_Robots_Logo.png [396/569] 📺 Love, Death & Robots
  ✓ dia/en/2/21/Toy_Boy_poster.jpg [397/569] 🎬 Luces Rojas
  ✓ rand_Piano_Official_Poster.jpg [398/569] 🎬 Grand Piano
  ✓ onal_Pok%C3%A9mon_logo.svg.png [399/569] 🎮 Pokémon
  ✓ en/c/c8/RedeemingLove1stEd.jpg [400/569] 🎬 Love Gets Room
  ✓ /en/3/33/Arjona-elamor2011.jpg [401/569] 🎬 El amor en su lugar
  ✓ 304902167%29_%28cropped%29.jpg [402/569] 🎵 Victor Reyes
  ✓ b/Gojira_Fortitude_artwork.png [404/569] 📺 Fortitude
  ✓ 958_US_poster_-_Style_A%29.jpg [405/569] 🎬 El puente sobre el río Kwai
    --- Saved: 129 found, 39 not found ---
  ✗ [407/569] 📚 Verbolario
  ✓ What_You_Never_Knew_poster.jpg [409/569] 🎵 Aunque tú no lo sepas
  ✓ corn_9.jpg/440px-Popcorn_9.jpg [410/569] 🎵 Palomitas de maíz
  ✓ on_Caesar_video_game_cover.jpg [412/569] 📖 Obélix
  ✗ [413/569] 📖 Carpanta
  ✓ png/440px-Gomorra_La_serie.png [415/569] 📚 Demetrio
  ✓ jpg/440px-Isabel_titlecard.jpg [416/569] 🎬 Las tres conchas
  ✗ [417/569] 🎵 El Silvido de Arturo
  ✓ a/en/d/de/Theme_Park_cover.jpg [418/569] 🎬 La Paella
  ✓ /El_Topo.jpg/440px-El_Topo.jpg [419/569] 📚 El Medito
  ✗ [420/569] 📚 Bernabalario
  ✓ a_Navidad_%283819531625%29.jpg [421/569] 📚 El Libro de la Navidad
  ✗ [422/569] 🎬 Samutashi
  ✓ /440px-V_for_Vendetta_film.jpg [423/569] 📚 Box Populi
  ✓ clogo.png/440px-Zodiaclogo.png [424/569] 🎬 Benjamin Ace State
  ✓ do_de_fieras_Mexico_poster.jpg [425/569] 🎬 La guerra de los mundos
  ✓ dia/en/e/ec/Afterlife_logo.JPG [426/569] 📺 Ghostwatch
  ✓ re_2014_-_25_%28cropped%29.jpg [427/569] 🎬 Poltergeist
  ✓ semary_Williams_a_showgirl.jpg [428/569] 🎬 El resplandor
  ✓ d/BatmanComicIssue1%2C1940.png [429/569] 📺 Batman
    --- Saved: 144 found, 44 not found ---
  ✓ ica_Carrillo_%28cropped%29.png [430/569] 📚 Mónica Carrillo
  ✓ from_Prado_in_Google_Earth.jpg [431/569] 🎬 Las Meninas
  ✓ el-spanish-movie-poster-md.jpg [432/569] 🎬 El retorno
  ✗ [433/569] 🎬 Todo arde
  ✓ 2/Sofia_Kourtesis_-_Madres.png [435/569] 📺 Madres
  ✗ [436/569] 🎵 Cuando se nos mueren los amores
  ✓ staken_Identity_title_card.jpg [437/569] 🎵 Amaya Miranda
  ✗ [438/569] 📺 Ciudadano Mone
  ✗ [439/569] 🎵 Because We're a Min天
  ✓ Godzilla_%282014%29_poster.jpg [440/569] 🎬 Godzilla
  ✓ px-Super_Bowl_LIX_Logo.svg.png [441/569] 📺 Super Bowl
  ✗ [442/569] 📚 Verbollario
  ✓ /commons/3/3c/Tales_serial.jpg [443/569] 📚 Historia de dos ciudades
  ✓ 440px-Hotaru_no_haka_title.jpg [444/569] 🎬 La tumba de la luz
  ✓ m-Lincoln-Vampirj%C3%A4ger.jpg [445/569] 🎬 Abraham Lincoln: Cazador de Vampiros
  ✓ ipedia/en/0/05/The-truth-1.jpg [446/569] 🎵 Power Comes From The Truth
  ✓ dia/en/d/d5/Baltimore_2023.jpg [449/569] 📚 Baltimore
  ✓ ia/en/c/ca/Pinkerton_cover.jpg [450/569] 📚 Pinkerton
  ✓ en/8/80/AbrahmaLincoln1930.jpg [451/569] 🎬 Abraham Lincoln
  ✓ _%28film%29_Russian_poster.jpg [452/569] 📺 Telegram
    --- Saved: 160 found, 50 not found ---
  ✓ gif/440px-Mason-dixon-line.gif [453/569] 📚 Mason-Dixon Line
  ✓ /440px-Baraja_de_40_cartas.png [454/569] 🎵 Julepe
  ✗ [456/569] 📚 El limón no es fruta
  ✗ [457/569] 📚 La senda de los elefantes
  ✓ nfinished%29_by_Lange_1782.jpg [459/569] 🎵 Leck mich im Arsch
  ✗ [460/569] 🎵 Canon K. 231
  ✓ antasia_theatrical_trailer.png [461/569] 🎵 Canon K. 233
  ✓ 440px-Ivan_III_of_Russia_3.jpg [462/569] 📺 La biblioteca perdida
  ✓ Willie_Col%C3%B3n_album%29.jpg [463/569] 📺 Fantasmas
  ✓ /8/8a/Criminal_2016_poster.jpg [464/569] 📖 Criminal
  ✓ borg%2C_peter_nicolai_arbo.jpg [465/569] 📖 Saga de invierno
  ✓ _America_%2827968502960%29.jpg [466/569] 📖 La muerte del Capitán América
  ✓ a/en/8/81/Gotham_Central_1.jpg [467/569] 📖 Gotham Central
  ✓ 1.10EdBrubakerByLuigiNovi1.jpg [468/569] 📖 Batman
  ✗ [469/569] 📚 El Verbolario
  ✓ ousMiniseriesOriginalCover.jpg [470/569] 📺 Aquí Dragones
  ✓ edia/en/f/ff/Juan_Restrepo.jpg [472/569] 🎵 Juan Sebastián Bach
  ✓ %A9s-Do%C3%B1aFrancisquita.png [473/569] 📚 Rodríguez Cortés
  ✗ [474/569] 📺 Palabra de la Gesecia
  ✗ [475/569] 📚 Alexitimia
    --- Saved: 175 found, 56 not found ---
  ✓ 9b/Morte2.jpg/440px-Morte2.jpg [477/569] 🎬 Muerte en Venecia
  ✓ /440px-BalzacExecutioner01.jpg [478/569] 🎬 El Verdugo
  ✗ [479/569] 🎬 Los caballeros de la mesa cuadrada
  ✓ x-Vila_Madalena_title_card.jpg [483/569] 🎵 Madalena
  ✓ 40px-Wish_I_May_title_card.jpg [485/569] 📚 Sancho I de León
  ✓ /en/a/a6/Exploding_Kittens.png [486/569] 🎮 Exploding Kittens
  ✓ o%C3%B1a_B%C3%A1rbara_1929.jpg [487/569] 📚 Imperios y bárbaros
  ✓ pedia/en/3/35/Aquinohaydvd.jpg [488/569] 📺 Aquí no hay quien viva
  ✓ a.jpg/440px-LaQueSeAvecina.jpg [489/569] 📺 La que se avecina
  ✓ mons/8/86/Tr%C3%B4nedeFer1.png [490/569] 📺 Juego de Tronos
  ✓ 440px-Avenida_brasil_logo.jpeg [491/569] 📚 El eterno retorno
  ✗ [492/569] 🎮 Piedra, papel, tijera
  ✗ [493/569] 📺 Luis de Lóulmo
  ✓ oleon_%281991_TV_series%29.jpg [494/569] 📚 José Bonaparte
  ✓ rgote_-_Google_Art_Project.jpg [495/569] 📚 Luis de Góngora
  ✓ .jpg/440px-ErnestHemingway.jpg [496/569] 📚 Fiesta
  ✓ e_in_Kenya_-_NARA_-_192655.jpg [497/569] 📚 Ernest Hemingway
  ✓ s_del_Rey_Cat%C3%B3lico_25.JPG [500/569] 🎬 Luís García Berlanga
  ✓ pg/440px-Juan_Gomez-Jurado.jpg [502/569] 📚 Juan Gómez-Jurado
  ✓ c4/Oscar_Wilde_FilmPoster.jpeg [503/569] 📚 Oscar Wilde
    --- Saved: 195 found, 59 not found ---
  ✓ n/3/3d/Ernesto_FilmPoster.jpeg [504/569] 📚 Ernesto
  ✓ edia/en/c/c8/Elpresidente1.jpg [505/569] 📚 El viejo y el mar
  ✓ 81940%29_1st_edition_cover.jpg [506/569] 📚 Por quién doblan las campanas
  ✓ arewell_to_Arms_book_cover.jpg [507/569] 📚 Adiós a las armas
  ✓ pg/440px-Ava_Gardner_Snows.jpg [508/569] 📚 Las nieves del Kilimanjaro
  ✓ ncia_2022_tv_series_poster.jpg [509/569] 📚 Muerte en la tarde
  ✓ eStein_JackHemingway_Paris.jpg [510/569] 📚 París era una fiesta
  ✗ [511/569] 📚 El sol también se levanta
  ✓ ng_in_Color_%28restored%29.jpg [512/569] 🎵 Louis Armstrong
  ✓ ot_Finesse_%281915%29.webm.jpg [513/569] 🎵 Fox Trot
  ✓ ipedia/en/f/f0/Swing_shift.jpg [514/569] 🎵 Swing
  ✗ [515/569] 🎵 Magia Borrás
  ✓ s/d/d9/Proof_of_AC_Gilbert.jpg [516/569] 🎮 Erector Set
  ✗ [519/569] 📚 La cabra tira al monte
  ✗ [520/569] 🎵 Abigail y la Pen
  ✗ [521/569] 🎬 Lucerojas
  ✓ en/8/8c/Los-Perros-del-Mal.png [522/569] 🎵 Los perros del rock and roll
  ✓ ersal_Islands_of_Adventure.JPG [525/569] 🎬 Parque Jurásico
  ✗ [526/569] 🎵 Jeff Goldblum and the Mildred Snider Orc
  ✗ [527/569] 📖 El capitán es Carlata
    --- Saved: 208 found, 67 not found ---
  ✗ [528/569] 📖 La ascensión del gran mal (Epiléptico)
  ✓ dia/en/5/5a/Los_Buscadores.jpg [529/569] 📖 Los buscadores de tesoros
  ✓ %2C_first_edition_cover%29.jpg [530/569] 📚 Lo que el viento se llevó
  ✓ 23_mars_2014_recadr%C3%A9e.jpg [531/569] 📚 Pierre Lemaitre
  ✗ [533/569] 🎵 Bitter Kas
  ✓ px-Coca-Cola_Cherry_Poland.png [534/569] 🎵 Coca-Cola
  ✓ psiman_%28PS1%29_cover_art.jpg [535/569] 🎵 Pepsi
  ✓ dia/en/6/65/Fantavisionbox.jpg [536/569] 🎵 Fanta
  ✗ [538/569] 📚 El coño de la Bernarda
  ✗ [539/569] 📚 Más feo que Picio
  ✓ g/440px-Cacho_Casta%C3%B1a.png [541/569] 📚 María Castaña
  ✗ [542/569] 📚 Pepe Leches
  ✓ 1or_de_los_Anillos_lectura.jpg [543/569] 🎬 El Señor de los Anillos
  ✓ /en/a/a0/The_X_Factor_logo.png [544/569] 📺 Factor X
  ✓ _Cort%C3%A9s_%28cropped%29.jpg [545/569] 🎬 Escape
  ✗ [546/569] 🎬 Martín Scorsese
  ✓ _de_las_Artes_y_las_Letras.png [547/569] 🎵 Joaquín Sabina
  ✓ maral_album_-_cover_art%29.jpg [548/569] 🎵 Amaral
  ✓ pedia/en/e/e7/SingStar_PS3.jpg [549/569] 🎵 Pereza
  ✗ [550/569] 📚 La psicología de las muchedumbres
    --- Saved: 221 found, 75 not found ---
  ✓ ies_de_Ponto_Obligado_1846.jpg [551/569] 📚 La toma de la Bastilla
  ✓ fotografico_-_BEIC_6333091.jpg [552/569] 🎵 La movida madrileña
  ✗ [553/569] 🎵 Sala Penta
  ✗ [554/569] 🎵 Sala Arfin
  ✓ a/en/5/56/Alaskaposter1996.jpg [555/569] 🎵 Alaska
  ✓ ommons/1/13/Enrique_Sierra.jpg [556/569] 🎵 Kaka de Luxe
  ✗ [557/569] 🎵 Mi novio es un zombie
  ✗ [558/569] 🎵 Enamorado de la moda juvenil
  ✓ pg/440px-Brassens_TNP_1966.jpg [559/569] 🎵 Georges Brassens
  ✓ %28TV_series%29_Title_Card.jpg [560/569] 🎵 Luna de miel
  ✗ [561/569] 🎵 Académica Palanca
  ✓ RDO_AUTE_%2825158254594%29.jpg [562/569] 🎵 Luis Eduardo Aute
  ✓ Delibes_%281998%29_-_1.tif.jpg [563/569] 📚 El camino
  ✓ e/El_camino_bb_film_poster.jpg [564/569] 🎬 El camino
  ✗ [565/569] 📚 La chica que amaba Tom Gordon
  ✓ s_2021_novel_Billy_Summers.png [566/569] 📚 Billy Summers
  ✓ m_Festival_2_%28cropped%29.jpg [567/569] 📚 Holly
  ✓ harles_Mingus_1976_cropped.jpg [569/569] 🎵 Charlie Mingus

=== DONE === Found: 233 / Not found: 81
