Found 110 SRT files in /Users/alberto/Boti/aqui-hay-dragones/transcripts
Already processed: 57, Pending: 53

============================================================
Processing: AHD 150 - De nardos edificios y Santander
  File: AHD_150_-_De_nardos__edificios_y_Santander.srt
  Size: 60,371 chars
  Chunks: 1
  Chunk 1/1...
    Found 6 references
Saved: 336 refs in 58 eps

  → Total added so far: 6 references

============================================================
Processing: AHD 152 - De bañadores vascos y doses
  File: AHD_152_-_De_bañadores__vascos_y_doses.srt
  Size: 69,687 chars
  Chunks: 1
  Chunk 1/1...
    Found 5 references
Saved: 341 refs in 59 eps

  → Total added so far: 11 references

============================================================
Processing: AHD 154 - De modelos discordias y metalófonos
  File: AHD_154_-_De_modelos__discordias_y_metalófonos.srt
  Size: 66,804 chars
  Chunks: 1
  Chunk 1/1...
    Found 3 references
Saved: 344 refs in 60 eps

  → Total added so far: 14 references

============================================================
Processing: AHD 156 - De niños pájaros y canis
  File: AHD_156_-_De_niños__pájaros_y_canis.srt
  Size: 72,725 chars
  Chunks: 1
  Chunk 1/1...
    Found 4 references
Saved: 348 refs in 61 eps

  → Total added so far: 18 references

============================================================
Processing: AHD 158 - De noes jenízaros y colores
  File: AHD_158_-_De_noes__jenízaros_y_colores.srt
  Size: 56,410 chars
  Chunks: 1
  Chunk 1/1...
    Found 6 references
Saved: 354 refs in 62 eps

  → Total added so far: 24 references

============================================================
Processing: AHD 160 - De andalusíes gañanes y diamantes
  File: AHD_160_-_De_andalusíes__gañanes_y_diamantes.srt
  Size: 56,938 chars
  Chunks: 1
  Chunk 1/1...
    Found 6 references
Saved: 360 refs in 63 eps

  → Total added so far: 30 references

============================================================
Processing: AHD 162 - De gazapos serruchos y elefantes
  File: AHD_162_-_De_gazapos__serruchos_y_elefantes.srt
  Size: 69,694 chars
  Chunks: 1
  Chunk 1/1...
    Found 3 references
Saved: 363 refs in 64 eps

  → Total added so far: 33 references

============================================================
Processing: AHD 164 - De diluvios elogios y treses
  File: AHD_164_-_De_diluvios__elogios_y_treses.srt
  Size: 71,196 chars
  Chunks: 1
  Chunk 1/1...
    Found 8 references
Saved: 371 refs in 65 eps

  → Total added so far: 41 references

============================================================
Processing: AHD 166 - De naufragios ayunos y rocas
  File: AHD_166_-_De_naufragios__ayunos_y_rocas.srt
  Size: 67,006 chars
  Chunks: 1
  Chunk 1/1...
    Found 3 references
Saved: 374 refs in 66 eps

  → Total added so far: 44 references

============================================================
Processing: AHD 168 - De jueces pelos y robos
  File: AHD_168_-_De_jueces__pelos_y_robos.srt
  Size: 66,068 chars
  Chunks: 1
  Chunk 1/1...
    Found 3 references
Saved: 377 refs in 67 eps

  → Total added so far: 47 references

============================================================
Processing: AHD 170 - De tetas anticristos y hojas secas
  File: AHD_170_-_De_tetas__anticristos_y_hojas_secas.srt
  Size: 64,689 chars
  Chunks: 1
  Chunk 1/1...
    Found 5 references
Saved: 382 refs in 68 eps

  → Total added so far: 52 references

============================================================
Processing: AHD 172 - De cabras renos y sinécdoques
  File: AHD_172_-_De_cabras__renos_y_sinécdoques.srt
  Size: 69,569 chars
  Chunks: 1
  Chunk 1/1...
    Found 6 references
Saved: 388 refs in 69 eps

  → Total added so far: 58 references

============================================================
Processing: AHD 174 - De cocinas intestinos y chulapos
  File: AHD_174_-_De_cocinas__intestinos_y_chulapos.srt
  Size: 72,769 chars
  Chunks: 1
  Chunk 1/1...
    Found 7 references
Saved: 395 refs in 70 eps

  → Total added so far: 65 references

============================================================
Processing: AHD 176 - De máquinas rododendros y tú
  File: AHD_176_-_De_máquinas__rododendros_y_tú.srt
  Size: 67,630 chars
  Chunks: 1
  Chunk 1/1...
    Found 4 references
Saved: 399 refs in 71 eps

  → Total added so far: 69 references

============================================================
Processing: AHD 178 - Del amor y Orihuela de Alicante
  File: AHD_178_-_Del_amor_y_Orihuela__de_Alicante_.srt
  Size: 68,263 chars
  Chunks: 1
  Chunk 1/1...
    Found 4 references
Saved: 403 refs in 72 eps

  → Total added so far: 73 references

============================================================
Processing: AHD 180 - De siete cosas fresquitas siete
  File: AHD_180_-_De_siete_cosas_fresquitas_siete.srt
  Size: 64,230 chars
  Chunks: 1
  Chunk 1/1...
    Found 1 references
Saved: 404 refs in 73 eps

  → Total added so far: 74 references

============================================================
Processing: AHD 182 - De silbidos pestañas y navajas
  File: AHD_182_-_De_silbidos__pestañas_y_navajas.srt
  Size: 75,378 chars
  Chunks: 1
  Chunk 1/1...
    Found 2 references
Saved: 406 refs in 74 eps

  → Total added so far: 76 references

============================================================
Processing: AHD 184 - De palomas maquetas y lameculos
  File: AHD_184_-_De_palomas__maquetas_y_lameculos.srt
  Size: 55,001 chars
  Chunks: 1
  Chunk 1/1...
    Found 4 references
Saved: 410 refs in 75 eps

  → Total added so far: 80 references

============================================================
Processing: AHD 186 - De conchas boquerones y silencios
  File: AHD_186_-_De_conchas__boquerones_y_silencios.srt
  Size: 55,363 chars
  Chunks: 1
  Chunk 1/1...
    Found 6 references
Saved: 416 refs in 76 eps

  → Total added so far: 86 references

============================================================
Processing: AHD 188 - De enfados infantes y fantasmas
  File: AHD_188_-_De_enfados__infantes_y_fantasmas.srt
  Size: 51,770 chars
  Chunks: 1
  Chunk 1/1...
    Found 8 references
Saved: 424 refs in 77 eps

  → Total added so far: 94 references

============================================================
Processing: AHD 190 - De tuberías quintetos y atunes
  File: AHD_190_-_De_tuberías__quintetos_y_atunes.srt
  Size: 52,565 chars
  Chunks: 1
  Chunk 1/1...
    Found 6 references
Saved: 430 refs in 78 eps

  → Total added so far: 100 references

============================================================
Processing: AHD 192 - De vasijas vitaminas y panderetas
  File: AHD_192_-_De_vasijas__vitaminas_y_panderetas.srt
  Size: 45,374 chars
  Chunks: 1
  Chunk 1/1...
    Found 3 references
Saved: 433 refs in 79 eps

  → Total added so far: 103 references

============================================================
Processing: AHD 194 - De catarros firmas y mamones
  File: AHD_194_-_De_catarros__firmas_y_mamones.srt
  Size: 58,261 chars
  Chunks: 1
  Chunk 1/1...
    Found 2 references
Saved: 435 refs in 80 eps

  → Total added so far: 105 references

============================================================
Processing: AHD 196 - De ocho cosas fresquitas ocho
  File: AHD_196_-_De_ocho_cosas_fresquitas__ocho.srt
  Size: 51,901 chars
  Chunks: 1
  Chunk 1/1...
    Found 2 references
Saved: 437 refs in 81 eps

  → Total added so far: 107 references

============================================================
Processing: AHD 198 - De asquerosos peritos y botijos
  File: AHD_198_-_De_asquerosos__peritos_y_botijos.srt
  Size: 47,154 chars
  Chunks: 1
  Chunk 1/1...
    Found 4 references
Saved: 441 refs in 82 eps

  → Total added so far: 111 references

============================================================
Processing: AHD 200 - De hermanas tests y el Blasillo
  File: AHD_200_-_De_hermanas__tests_y_el_Blasillo.srt
  Size: 55,482 chars
  Chunks: 1
  Chunk 1/1...
    Found 3 references
Saved: 444 refs in 83 eps

  → Total added so far: 114 references

============================================================
Processing: AHD 202 - De detectivas vermú y ojazos
  File: AHD_202_-_De_detectivas__vermú_y_ojazos.srt
  Size: 48,193 chars
  Chunks: 1
  Chunk 1/1...
    Found 2 references
Saved: 446 refs in 84 eps

  → Total added so far: 116 references

============================================================
Processing: AHD 204 - De telegramas juicios y longanizas
  File: AHD_204_-_De_telegramas__juicios_y_longanizas.srt
  Size: 50,136 chars
  Chunks: 1
  Chunk 1/1...
    Found 8 references
Saved: 454 refs in 85 eps

  → Total added so far: 124 references

============================================================
Processing: AHD 206 - De fluidos dictadores y duchas
  File: AHD_206_-_De_fluidos__dictadores_y_duchas.srt
  Size: 58,151 chars
  Chunks: 1
  Chunk 1/1...
    Found 3 references
Saved: 457 refs in 86 eps

  → Total added so far: 127 references

============================================================
Processing: AHD 208 - De austríacos cosacos y nazarenos
  File: AHD_208_-_De_austríacos__cosacos_y_nazarenos.srt
  Size: 48,263 chars
  Chunks: 1
  Chunk 1/1...
    Found 4 references
Saved: 461 refs in 87 eps

  → Total added so far: 131 references

============================================================
Processing: AHD 210 - De ocho cosas fresquitas ocho
  File: AHD_210_-_De_ocho_cosas_fresquitas_ocho_.srt
  Size: 42,113 chars
  Chunks: 1
  Chunk 1/1...
    Found 7 references
Saved: 468 refs in 88 eps

  → Total added so far: 138 references

============================================================
Processing: AHD 212 - De mamblas noruegos y palos
  File: AHD_212_-_De_mamblas__noruegos_y_palos.srt
  Size: 34,226 chars
  Chunks: 1
  Chunk 1/1...
    Found 2 references
Saved: 470 refs in 89 eps

  → Total added so far: 140 references

============================================================
Processing: AHD 214 - De trampas bajos y desagravios
  File: AHD_214_-_De_trampas__bajos_y_desagravios.srt
  Size: 41,915 chars
  Chunks: 1
  Chunk 1/1...
    Found 0 references
Saved: 470 refs in 90 eps

  → Total added so far: 140 references

============================================================
Processing: AHD 216 - De glosarios teles y aeropuertos
  File: AHD_216_-_De_glosarios__teles_y_aeropuertos.srt
  Size: 35,628 chars
  Chunks: 1
  Chunk 1/1...
    Found 5 references
Saved: 475 refs in 91 eps

  → Total added so far: 145 references

============================================================
Processing: AHD 218 De aspersores húngaros y tarareos
  File: AHD_218_De_aspersores__húngaros_y_tarareos.srt
  Size: 44,280 chars
  Chunks: 1
  Chunk 1/1...
    Found 4 references
Saved: 479 refs in 92 eps

  → Total added so far: 149 references

============================================================
Processing: AHD 220 - De canguros alfombras y garajes
  File: AHD_220_-_De_canguros__alfombras_y_garajes.srt
  Size: 21,244 chars
  Chunks: 1
  Chunk 1/1...
    Found 2 references
Saved: 481 refs in 93 eps

  → Total added so far: 151 references

============================================================
Processing: AHD 222 - De dietas bulos y placeres
  File: AHD_222_-_De_dietas__bulos_y_placeres.srt
  Size: 56,770 chars
  Chunks: 1
  Chunk 1/1...
    Found 4 references
Saved: 485 refs in 94 eps

  → Total added so far: 155 references

============================================================
Processing: AHD 224 - De ocho cosas fresquitas ocho
  File: AHD_224_-_De_ocho_cosas_fresquitas_ocho_.srt
  Size: 55,255 chars
  Chunks: 1
  Chunk 1/1...
    Found 2 references
Saved: 487 refs in 95 eps

  → Total added so far: 157 references

============================================================
Processing: AHD 226 - De orígenes ultrajes y horizontes
  File: AHD_226_-_De_orígenes__ultrajes_y_horizontes.srt
  Size: 48,719 chars
  Chunks: 1
  Chunk 1/1...
    Found 8 references
Saved: 495 refs in 96 eps

  → Total added so far: 165 references

============================================================
Processing: AHD 228 - De cocidos pelusas y bichos
  File: AHD_228_-_De_cocidos__pelusas_y_bichos.srt
  Size: 56,721 chars
  Chunks: 1
  Chunk 1/1...
    Found 19 references
Saved: 514 refs in 97 eps

  → Total added so far: 184 references

============================================================
Processing: AHD 230 - De radiación hits y embajadas
  File: AHD_230_-_De_radiación__hits_y_embajadas.srt
  Size: 60,311 chars
  Chunks: 1
  Chunk 1/1...
    Found 2 references
Saved: 516 refs in 98 eps

  → Total added so far: 186 references

============================================================
Processing: AHD 232 - De vicisitudes quistos y sumerios
  File: AHD_232_-_De_vicisitudes__quistos_y_sumerios.srt
  Size: 48,975 chars
  Chunks: 1
  Chunk 1/1...
    Found 4 references
Saved: 520 refs in 99 eps

  → Total added so far: 190 references

============================================================
Processing: AHD 234 - De maldad tendales y estampas
  File: AHD_234_-_De_maldad__tendales_y_estampas.srt
  Size: 52,982 chars
  Chunks: 1
  Chunk 1/1...
    Found 2 references
Saved: 522 refs in 100 eps

  → Total added so far: 192 references

============================================================
Processing: AHD 236 - De saturios flecos y malos
  File: AHD_236_-_De_saturios__flecos_y_malos.srt
  Size: 46,628 chars
  Chunks: 1
  Chunk 1/1...
    Found 0 references
Saved: 522 refs in 101 eps

  → Total added so far: 192 references

============================================================
Processing: AHD 238 - De puntos leyendas y arañas
  File: AHD_238_-_De_puntos__leyendas_y_arañas.srt
  Size: 52,637 chars
  Chunks: 1
  Chunk 1/1...
    Found 2 references
Saved: 524 refs in 102 eps

  → Total added so far: 194 references

============================================================
Processing: AHD 240 - De doce cosas fresquitas doce
  File: AHD_240_-_De_doce_cosas_fresquitas_doce.srt
  Size: 51,516 chars
  Chunks: 1
  Chunk 1/1...
    Found 7 references
Saved: 531 refs in 103 eps

  → Total added so far: 201 references

============================================================
Processing: AHD 242 - De arroces italianos y basiliscos
  File: AHD_242_-_De_arroces__italianos_y_basiliscos.srt
  Size: 59,049 chars
  Chunks: 1
  Chunk 1/1...
    Found 8 references
Saved: 539 refs in 104 eps

  → Total added so far: 209 references

============================================================
Processing: AHD 244 - De castañas condes y sal
  File: AHD_244_-_De_castañas__condes_y_sal.srt
  Size: 54,574 chars
  Chunks: 1
  Chunk 1/1...
    Found 3 references
Saved: 542 refs in 105 eps

  → Total added so far: 212 references

============================================================
Processing: AHD 246 - De palentinos tarareos y tal
  File: AHD_246_-_De_palentinos__tarareos_y_tal.srt
  Size: 43,214 chars
  Chunks: 1
  Chunk 1/1...
    Found 7 references
Saved: 549 refs in 106 eps

  → Total added so far: 219 references

============================================================
Processing: AHD 248 - De sótanos vilezas y corsos
  File: AHD_248_-_De_sótanos__vilezas_y_corsos.srt
  Size: 56,008 chars
  Chunks: 1
  Chunk 1/1...
    Found 13 references
Saved: 562 refs in 107 eps

  → Total added so far: 232 references

============================================================
Processing: AHD 250 - De ríos filos e inicios
  File: AHD_250_-_De_ríos__filos_e_inicios.srt
  Size: 53,070 chars
  Chunks: 1
  Chunk 1/1...
    Found 0 references
Saved: 562 refs in 108 eps

  → Total added so far: 232 references

============================================================
Processing: AHD 252 - De doce cosas fresquitas doce
  File: AHD_252_-_De_doce_cosas_fresquitas_doce.srt
  Size: 57,995 chars
  Chunks: 1
  Chunk 1/1...
    Found 5 references
Saved: 567 refs in 109 eps

  → Total added so far: 237 references

============================================================
Processing: AHD 254 - De semillas cenizas y berenjenas
  File: AHD_254_-_De_semillas__cenizas_y_berenjenas.srt
  Size: 53,930 chars
  Chunks: 1
  Chunk 1/1...
    Found 2 references
Saved: 569 refs in 110 eps

  → Total added so far: 239 references

============================================================
DONE! Added 239 references across 53 episodes
Total: 569 references in 110 episodes
