Found 138 SRT files in /Users/alberto/Boti/aqui-hay-dragones/transcripts
Already processed: 110, Pending: 28

============================================================
Processing: AHD 256 - De cabras almendras y regresos
  File: AHD_256_-_De_cabras__almendras_y_regresos.srt
  Size: 49,989 chars
  Chunks: 1
  Chunk 1/1...
    Found 4 references
Saved: 573 refs in 111 eps

  → Total added so far: 4 references

============================================================
Processing: AHD 258 - De prótesis estafermos y vagabundos
  File: AHD_258_-_De_prótesis__estafermos_y_vagabundos.srt
  Size: 46,608 chars
  Chunks: 1
  Chunk 1/1...
    Found 4 references
Saved: 577 refs in 112 eps

  → Total added so far: 8 references

============================================================
Processing: AHD 260 - De castillos cuates y hombre
  File: AHD_260_-_De_castillos__cuates_y_hombre.srt
  Size: 50,860 chars
  Chunks: 1
  Chunk 1/1...
    Found 4 references
Saved: 581 refs in 113 eps

  → Total added so far: 12 references

============================================================
Processing: AHD 262 - AHD 262 De medallas jabalíes y lenguas
  File: AHD_262_-_AHD_262__De_medallas__jabalíes_y_lenguas.srt
  Size: 57,174 chars
  Chunks: 1
  Chunk 1/1...
    Found 3 references
Saved: 582 refs in 114 eps

  → Total added so far: 13 references

============================================================
Processing: AHD 264 - Del chucrut Gemma y las avenidas
  File: AHD_264_-_Del_chucrut__Gemma_y_las_avenidas.srt
  Size: 7,095 chars
  Chunks: 1
  Chunk 1/1...
    Found 0 references
Saved: 582 refs in 115 eps

  → Total added so far: 13 references

============================================================
Processing: AHD 266 - De amigos gritos y juguetes
  File: AHD_266_-_De_amigos__gritos_y_juguetes.srt
  Size: 58,547 chars
  Chunks: 1
  Chunk 1/1...
    Found 1 references
Saved: 583 refs in 116 eps

  → Total added so far: 14 references

============================================================
Processing: AHD 270 - De funerales feísmos y farragosidades
  File: AHD_270_-_De_funerales__feísmos_y_farragosidades.srt
  Size: 71,611 chars
  Chunks: 1
  Chunk 1/1...
    Found 7 references
Saved: 590 refs in 117 eps

  → Total added so far: 21 references

============================================================
Processing: AHD 272 - De tragaldabas monos y micénicos
  File: AHD_272_-_De_tragaldabas__monos_y_micénicos.srt
  Size: 55,473 chars
  Chunks: 1
  Chunk 1/1...
    Found 5 references
Saved: 595 refs in 118 eps

  → Total added so far: 26 references

============================================================
Processing: AHD 274 - De roboces atontaos y cholas
  File: AHD_274_-_De_roboces__atontaos_y_cholas.srt
  Size: 54,874 chars
  Chunks: 1
  Chunk 1/1...
    Found 6 references
Saved: 601 refs in 119 eps

  → Total added so far: 32 references

============================================================
Processing: AHD 276 - De cuentos magos y citas
  File: AHD_276_-_De_cuentos__magos_y_citas.srt
  Size: 50,715 chars
  Chunks: 1
  Chunk 1/1...
    Found 14 references
Saved: 615 refs in 120 eps

  → Total added so far: 46 references

============================================================
Processing: AHD 38 - De guitarras aquelarres y apocalipsis ya
  File: AHD_38_-_De_guitarras__aquelarres_y_apocalipsis_ya.srt
  Size: 60,586 chars
  Chunks: 1
  Chunk 1/1...
    Found 6 references
Saved: 621 refs in 121 eps

  → Total added so far: 52 references

============================================================
Processing: AHD 58 - De payasos monstruos y gafas
  File: AHD_58_-_De_payasos__monstruos_y_gafas.srt
  Size: 50,548 chars
  Chunks: 1
  Chunk 1/1...
    Found 10 references
Saved: 631 refs in 122 eps

  → Total added so far: 62 references

============================================================
Processing: AHD 64 - De chapelas glissandos y bufones
  File: AHD_64_-_De_chapelas__glissandos_y_bufones.srt
  Size: 38,310 chars
  Chunks: 1
  Chunk 1/1...
    Found 11 references
Saved: 642 refs in 123 eps

  → Total added so far: 73 references

============================================================
Processing: AHD 66 - De seudónimos gubias y pobriños
  File: AHD_66_-_De_seudónimos__gubias_y_pobriños.srt
  Size: 80,888 chars
  Chunks: 1
  Chunk 1/1...
    Found 12 references
Saved: 654 refs in 124 eps

  → Total added so far: 85 references

============================================================
Processing: AHD 68 - De empecinados clubes y caminantes
  File: AHD_68_-_De_empecinados__clubes_y_caminantes.srt
  Size: 64,004 chars
  Chunks: 1
  Chunk 1/1...
    Found 5 references
Saved: 659 refs in 125 eps

  → Total added so far: 90 references

============================================================
Processing: AHD 70 - De pingüinas seudónimos y capas
  File: AHD_70_-_De_pingüinas__seudónimos_y_capas.srt
  Size: 62,451 chars
  Chunks: 1
  Chunk 1/1...
    Found 8 references
Saved: 667 refs in 126 eps

  → Total added so far: 98 references

============================================================
Processing: AHD 72 - De pelazos congas y sueños
  File: AHD_72_-_De_pelazos__congas_y_sueños.srt
  Size: 53,847 chars
  Chunks: 1
  Chunk 1/1...
    Found 6 references
Saved: 673 refs in 127 eps

  → Total added so far: 104 references

============================================================
Processing: AHD 74 - De retratos pancracios y razas
  File: AHD_74_-_De_retratos__pancracios_y_razas.srt
  Size: 55,470 chars
  Chunks: 1
  Chunk 1/1...
    Found 8 references
Saved: 681 refs in 128 eps

  → Total added so far: 112 references

============================================================
Processing: AHD 78 - De gaviotas loros y canarios
  File: AHD_78_-_De_gaviotas__loros_y_canarios.srt
  Size: 64,502 chars
  Chunks: 1
  Chunk 1/1...
    Found 14 references
Saved: 695 refs in 129 eps

  → Total added so far: 126 references

============================================================
Processing: AHD 80 - De agentes dichos y templos
  File: AHD_80_-_De_agentes__dichos_y_templos.srt
  Size: 70,780 chars
  Chunks: 1
  Chunk 1/1...
    Found 13 references
Saved: 708 refs in 130 eps

  → Total added so far: 139 references

============================================================
Processing: AHD 82 - De carreras inventos y noes
  File: AHD_82_-_De_carreras__inventos_y_noes.srt
  Size: 64,463 chars
  Chunks: 1
  Chunk 1/1...
    Found 3 references
Saved: 711 refs in 131 eps

  → Total added so far: 142 references

============================================================
Processing: AHD 84 - De rimas alegría y guanches
  File: AHD_84_-_De_rimas__alegría_y_guanches.srt
  Size: 53,348 chars
  Chunks: 1
  Chunk 1/1...
    Found 4 references
Saved: 715 refs in 132 eps

  → Total added so far: 146 references

============================================================
Processing: AHD 86 - De nones naves y nieves
  File: AHD_86_-_De_nones__naves_y_nieves.srt
  Size: 65,528 chars
  Chunks: 1
  Chunk 1/1...
    Found 5 references
Saved: 720 refs in 133 eps

  → Total added so far: 151 references

============================================================
Processing: AHD 88 - De indulgencias teclas y narices
  File: AHD_88_-_De_indulgencias__teclas_y_narices.srt
  Size: 74,244 chars
  Chunks: 1
  Chunk 1/1...
    Found 3 references
Saved: 723 refs in 134 eps

  → Total added so far: 154 references

============================================================
Processing: AHD 94 - De españolas cortesanas y escarabajos
  File: AHD_94_-_De_españolas__cortesanas_y_escarabajos.srt
  Size: 69,522 chars
  Chunks: 1
  Chunk 1/1...
    Found 4 references
Saved: 727 refs in 135 eps

  → Total added so far: 158 references

============================================================
Processing: AHD 96 - De masajes reyes y micheladas
  File: AHD_96_-_De_masajes__reyes_y_micheladas.srt
  Size: 74,964 chars
  Chunks: 1
  Chunk 1/1...
    Found 9 references
Saved: 736 refs in 136 eps

  → Total added so far: 167 references

============================================================
Processing: AHD 98 - De orejas invidentes y montañas
  File: AHD_98_-_De_orejas__invidentes_y_montañas.srt
  Size: 81,479 chars
  Chunks: 1
  Chunk 1/1...
    Found 10 references
Saved: 746 refs in 137 eps

  → Total added so far: 177 references

============================================================
Processing: AHD Teaser Aquí hay dragones
  File: Teaser_Aquí_hay_dragones.srt
  Size: 987 chars
  Chunks: 1
  Chunk 1/1...
    Found 2 references
Saved: 748 refs in 138 eps

  → Total added so far: 179 references

============================================================
DONE! Added 179 references across 28 episodes
Total: 748 references in 138 episodes
